<?xml version="1.0" encoding="UTF-8"?>
<!-- Generated by org.testng.reporters.JUnitReportReporter -->
<testsuite skipped="0" hostname="LSIPL07" name="com.spade.startup.StartupTest" tests="1" failures="0" timestamp="26 Jun 2019 09:01:44 GMT" time="36.145" errors="0">
  <testcase name="TestStartUp" time="36.145" classname="com.spade.startup.StartupTest"/>
</testsuite> <!-- com.spade.startup.StartupTest -->
