<?xml version="1.0" encoding="UTF-8"?>
<!-- Generated by org.testng.reporters.JUnitReportReporter -->
<testsuite skipped="0" hostname="LSIPL07" name="com.spade.startup.StartupTest" tests="1" failures="0" timestamp="23 Jun 2019 14:58:12 GMT" time="32.041" errors="0">
  <testcase name="TestStartUp" time="32.041" classname="com.spade.startup.StartupTest"/>
</testsuite> <!-- com.spade.startup.StartupTest -->
